{"numFailedTestSuites":3,"numFailedTests":16,"numPassedTestSuites":1,"numPassedTests":23,"numPendingTestSuites":0,"numPendingTests":0,"numRuntimeErrorTestSuites":0,"numTodoTests":0,"numTotalTestSuites":4,"numTotalTests":39,"openHandles":[],"snapshot":{"added":0,"didUpdate":false,"failure":false,"filesAdded":0,"filesRemoved":0,"filesRemovedList":[],"filesUnmatched":0,"filesUpdated":0,"matched":0,"total":0,"unchecked":0,"uncheckedKeysByFile":[],"unmatched":0,"updated":0},"startTime":1789648524597,"success":false,"testResults":[{"assertionResults":[{"ancestorTitles":["reimbursement workflow"],"duration":1275,"failing":false,"failureDetails":[{"matcherResult":{"actual":400,"expected":201,"message":"\u001b[2mexpect(\u001b[22m\u001b[31mreceived\u001b[39m\u001b[2m).\u001b[22mtoBe\u001b[2m(\u001b[22m\u001b[32mexpected\u001b[39m\u001b[2m) // Object.is equality\u001b[22m\n\nExpected: \u001b[32m201\u001b[39m\nReceived: \u001b[31m400\u001b[39m","name":"toBe","pass":false}}],"failureMessages":["Error: \u001b[2mexpect(\u001b[22m\u001b[31mreceived\u001b[39m\u001b[2m).\u001b[22mtoBe\u001b[2m(\u001b[22m\u001b[32mexpected\u001b[39m\u001b[2m) // Object.is equality\u001b[22m\n\nExpected: \u001b[32m201\u001b[39m\nReceived: \u001b[31m400\u001b[39m\n    at Object.toBe (C:\\Users\\RobinSande\\OneDrive - CARE International\\Desktop\\Care Travel Request\\backend\\tests\\reimbursementWorkflow.test.js:167:29)\n    at processTicksAndRejections (node:internal/process/task_queues:104:5)"],"fullName":"reimbursement workflow submits a reimbursement report with line items and calculated total","invocations":1,"location":null,"numPassingAsserts":0,"retryReasons":[],"startAt":1789648527964,"status":"failed","title":"submits a reimbursement report with line items and calculated total"},{"ancestorTitles":["reimbursement workflow"],"duration":385,"failing":false,"failureDetails":[],"failureMessages":[],"fullName":"reimbursement workflow lists expense categories for reimbursement form dropdowns","invocations":1,"location":null,"numPassingAsserts":2,"retryReasons":[],"startAt":1789648529241,"status":"passed","title":"lists expense categories for reimbursement form dropdowns"},{"ancestorTitles":["reimbursement workflow"],"duration":1112,"failing":false,"failureDetails":[{"matcherResult":{"actual":400,"expected":201,"message":"\u001b[2mexpect(\u001b[22m\u001b[31mreceived\u001b[39m\u001b[2m).\u001b[22mtoBe\u001b[2m(\u001b[22m\u001b[32mexpected\u001b[39m\u001b[2m) // Object.is equality\u001b[22m\n\nExpected: \u001b[32m201\u001b[39m\nReceived: \u001b[31m400\u001b[39m","name":"toBe","pass":false}}],"failureMessages":["Error: \u001b[2mexpect(\u001b[22m\u001b[31mreceived\u001b[39m\u001b[2m).\u001b[22mtoBe\u001b[2m(\u001b[22m\u001b[32mexpected\u001b[39m\u001b[2m) // Object.is equality\u001b[22m\n\nExpected: \u001b[32m201\u001b[39m\nReceived: \u001b[31m400\u001b[39m\n    at Object.toBe (C:\\Users\\RobinSande\\OneDrive - CARE International\\Desktop\\Care Travel Request\\backend\\tests\\reimbursementWorkflow.test.js:243:26)\n    at processTicksAndRejections (node:internal/process/task_queues:104:5)"],"fullName":"reimbursement workflow accepts category without free-text description and rejects unknown categories","invocations":1,"location":null,"numPassingAsserts":1,"retryReasons":[],"startAt":1789648529626,"status":"failed","title":"accepts category without free-text description and rejects unknown categories"},{"ancestorTitles":["reimbursement workflow"],"duration":720,"failing":false,"failureDetails":[],"failureMessages":[],"fullName":"reimbursement workflow rejects reimbursement for non-approved travel requests","invocations":1,"location":null,"numPassingAsserts":2,"retryReasons":[],"startAt":1789648530738,"status":"passed","title":"rejects reimbursement for non-approved travel requests"},{"ancestorTitles":["reimbursement workflow"],"duration":1266,"failing":false,"failureDetails":[{"matcherResult":{"actual":400,"expected":403,"message":"\u001b[2mexpect(\u001b[22m\u001b[31mreceived\u001b[39m\u001b[2m).\u001b[22mtoBe\u001b[2m(\u001b[22m\u001b[32mexpected\u001b[39m\u001b[2m) // Object.is equality\u001b[22m\n\nExpected: \u001b[32m403\u001b[39m\nReceived: \u001b[31m400\u001b[39m","name":"toBe","pass":false}}],"failureMessages":["Error: \u001b[2mexpect(\u001b[22m\u001b[31mreceived\u001b[39m\u001b[2m).\u001b[22mtoBe\u001b[2m(\u001b[22m\u001b[32mexpected\u001b[39m\u001b[2m) // Object.is equality\u001b[22m\n\nExpected: \u001b[32m403\u001b[39m\nReceived: \u001b[31m400\u001b[39m\n    at Object.toBe (C:\\Users\\RobinSande\\OneDrive - CARE International\\Desktop\\Care Travel Request\\backend\\tests\\reimbursementWorkflow.test.js:301:29)\n    at processTicksAndRejections (node:internal/process/task_queues:104:5)"],"fullName":"reimbursement workflow rejects reimbursement when the submitter is not a passenger on the trip","invocations":1,"location":null,"numPassingAsserts":0,"retryReasons":[],"startAt":1789648531458,"status":"failed","title":"rejects reimbursement when the submitter is not a passenger on the trip"},{"ancestorTitles":["reimbursement workflow"],"duration":1810,"failing":false,"failureDetails":[{"matcherResult":{"actual":400,"expected":201,"message":"\u001b[2mexpect(\u001b[22m\u001b[31mreceived\u001b[39m\u001b[2m).\u001b[22mtoBe\u001b[2m(\u001b[22m\u001b[32mexpected\u001b[39m\u001b[2m) // Object.is equality\u001b[22m\n\nExpected: \u001b[32m201\u001b[39m\nReceived: \u001b[31m400\u001b[39m","name":"toBe","pass":false}}],"failureMessages":["Error: \u001b[2mexpect(\u001b[22m\u001b[31mreceived\u001b[39m\u001b[2m).\u001b[22mtoBe\u001b[2m(\u001b[22m\u001b[32mexpected\u001b[39m\u001b[2m) // Object.is equality\u001b[22m\n\nExpected: \u001b[32m201\u001b[39m\nReceived: \u001b[31m400\u001b[39m\n    at Object.toBe (C:\\Users\\RobinSande\\OneDrive - CARE International\\Desktop\\Care Travel Request\\backend\\tests\\reimbursementWorkflow.test.js:343:32)\n    at processTicksAndRejections (node:internal/process/task_queues:104:5)"],"fullName":"reimbursement workflow allows each passenger to submit their own reimbursement on a shared trip","invocations":1,"location":null,"numPassingAsserts":0,"retryReasons":[],"startAt":1789648532724,"status":"failed","title":"allows each passenger to submit their own reimbursement on a shared trip"},{"ancestorTitles":["reimbursement workflow"],"duration":1023,"failing":false,"failureDetails":[{"matcherResult":{"actual":400,"expected":409,"message":"\u001b[2mexpect(\u001b[22m\u001b[31mreceived\u001b[39m\u001b[2m).\u001b[22mtoBe\u001b[2m(\u001b[22m\u001b[32mexpected\u001b[39m\u001b[2m) // Object.is equality\u001b[22m\n\nExpected: \u001b[32m409\u001b[39m\nReceived: \u001b[31m400\u001b[39m","name":"toBe","pass":false}}],"failureMessages":["Error: \u001b[2mexpect(\u001b[22m\u001b[31mreceived\u001b[39m\u001b[2m).\u001b[22mtoBe\u001b[2m(\u001b[22m\u001b[32mexpected\u001b[39m\u001b[2m) // Object.is equality\u001b[22m\n\nExpected: \u001b[32m409\u001b[39m\nReceived: \u001b[31m400\u001b[39m\n    at Object.toBe (C:\\Users\\RobinSande\\OneDrive - CARE International\\Desktop\\Care Travel Request\\backend\\tests\\reimbursementWorkflow.test.js:374:38)\n    at processTicksAndRejections (node:internal/process/task_queues:104:5)"],"fullName":"reimbursement workflow prevents duplicate reimbursement reports for the same travel request","invocations":1,"location":null,"numPassingAsserts":0,"retryReasons":[],"startAt":1789648534535,"status":"failed","title":"prevents duplicate reimbursement reports for the same travel request"},{"ancestorTitles":["reimbursement workflow"],"duration":1099,"failing":false,"failureDetails":[{"matcherResult":{"message":"\u001b[2mexpect(\u001b[22m\u001b[31mreceived\u001b[39m\u001b[2m).\u001b[22mtoHaveLength\u001b[2m(\u001b[22m\u001b[32mexpected\u001b[39m\u001b[2m)\u001b[22m\n\nExpected length: \u001b[32m1\u001b[39m\nReceived length: \u001b[31m0\u001b[39m\nReceived array:  \u001b[31m[]\u001b[39m","pass":false}}],"failureMessages":["Error: \u001b[2mexpect(\u001b[22m\u001b[31mreceived\u001b[39m\u001b[2m).\u001b[22mtoHaveLength\u001b[2m(\u001b[22m\u001b[32mexpected\u001b[39m\u001b[2m)\u001b[22m\n\nExpected length: \u001b[32m1\u001b[39m\nReceived length: \u001b[31m0\u001b[39m\nReceived array:  \u001b[31m[]\u001b[39m\n    at Object.toHaveLength (C:\\Users\\RobinSande\\OneDrive - CARE International\\Desktop\\Care Travel Request\\backend\\tests\\reimbursementWorkflow.test.js:407:29)\n    at processTicksAndRejections (node:internal/process/task_queues:104:5)"],"fullName":"reimbursement workflow lists a user's reimbursements and manager pending approvals","invocations":1,"location":null,"numPassingAsserts":1,"retryReasons":[],"startAt":1789648535559,"status":"failed","title":"lists a user's reimbursements and manager pending approvals"},{"ancestorTitles":["reimbursement workflow"],"duration":2061,"failing":false,"failureDetails":[{"matcherResult":{"message":"\u001b[2mexpect(\u001b[22m\u001b[31mreceived\u001b[39m\u001b[2m).\u001b[22mtoHaveLength\u001b[2m(\u001b[22m\u001b[32mexpected\u001b[39m\u001b[2m)\u001b[22m\n\nExpected length: \u001b[32m2\u001b[39m\nReceived length: \u001b[31m0\u001b[39m\nReceived array:  \u001b[31m[]\u001b[39m","pass":false}}],"failureMessages":["Error: \u001b[2mexpect(\u001b[22m\u001b[31mreceived\u001b[39m\u001b[2m).\u001b[22mtoHaveLength\u001b[2m(\u001b[22m\u001b[32mexpected\u001b[39m\u001b[2m)\u001b[22m\n\nExpected length: \u001b[32m2\u001b[39m\nReceived length: \u001b[31m0\u001b[39m\nReceived array:  \u001b[31m[]\u001b[39m\n    at Object.toHaveLength (C:\\Users\\RobinSande\\OneDrive - CARE International\\Desktop\\Care Travel Request\\backend\\tests\\reimbursementWorkflow.test.js:456:27)\n    at processTicksAndRejections (node:internal/process/task_queues:104:5)"],"fullName":"reimbursement workflow allows superadmins to view all reimbursements in read-only mode","invocations":1,"location":null,"numPassingAsserts":1,"retryReasons":[],"startAt":1789648536658,"status":"failed","title":"allows superadmins to view all reimbursements in read-only mode"},{"ancestorTitles":["reimbursement workflow"],"duration":1282,"failing":false,"failureDetails":[{"matcherResult":{"actual":400,"expected":200,"message":"\u001b[2mexpect(\u001b[22m\u001b[31mreceived\u001b[39m\u001b[2m).\u001b[22mtoBe\u001b[2m(\u001b[22m\u001b[32mexpected\u001b[39m\u001b[2m) // Object.is equality\u001b[22m\n\nExpected: \u001b[32m200\u001b[39m\nReceived: \u001b[31m400\u001b[39m","name":"toBe","pass":false}}],"failureMessages":["Error: \u001b[2mexpect(\u001b[22m\u001b[31mreceived\u001b[39m\u001b[2m).\u001b[22mtoBe\u001b[2m(\u001b[22m\u001b[32mexpected\u001b[39m\u001b[2m) // Object.is equality\u001b[22m\n\nExpected: \u001b[32m200\u001b[39m\nReceived: \u001b[31m400\u001b[39m\n    at Object.toBe (C:\\Users\\RobinSande\\OneDrive - CARE International\\Desktop\\Care Travel Request\\backend\\tests\\reimbursementWorkflow.test.js:485:36)\n    at processTicksAndRejections (node:internal/process/task_queues:104:5)"],"fullName":"reimbursement workflow allows a manager to approve or reject a pending reimbursement","invocations":1,"location":null,"numPassingAsserts":0,"retryReasons":[],"startAt":1789648538719,"status":"failed","title":"allows a manager to approve or reject a pending reimbursement"},{"ancestorTitles":["reimbursement workflow"],"duration":1171,"failing":false,"failureDetails":[],"failureMessages":[],"fullName":"reimbursement workflow rejects liquidated as a reimbursement status","invocations":1,"location":null,"numPassingAsserts":2,"retryReasons":[],"startAt":1789648540002,"status":"passed","title":"rejects liquidated as a reimbursement status"},{"ancestorTitles":["reimbursement workflow"],"duration":1176,"failing":false,"failureDetails":[{"matcherResult":{"actual":400,"expected":200,"message":"\u001b[2mexpect(\u001b[22m\u001b[31mreceived\u001b[39m\u001b[2m).\u001b[22mtoBe\u001b[2m(\u001b[22m\u001b[32mexpected\u001b[39m\u001b[2m) // Object.is equality\u001b[22m\n\nExpected: \u001b[32m200\u001b[39m\nReceived: \u001b[31m400\u001b[39m","name":"toBe","pass":false}}],"failureMessages":["Error: \u001b[2mexpect(\u001b[22m\u001b[31mreceived\u001b[39m\u001b[2m).\u001b[22mtoBe\u001b[2m(\u001b[22m\u001b[32mexpected\u001b[39m\u001b[2m) // Object.is equality\u001b[22m\n\nExpected: \u001b[32m200\u001b[39m\nReceived: \u001b[31m400\u001b[39m\n    at Object.toBe (C:\\Users\\RobinSande\\OneDrive - CARE International\\Desktop\\Care Travel Request\\backend\\tests\\reimbursementWorkflow.test.js:577:36)\n    at processTicksAndRejections (node:internal/process/task_queues:104:5)"],"fullName":"reimbursement workflow approves reimbursements when the request body is omitted","invocations":1,"location":null,"numPassingAsserts":0,"retryReasons":[],"startAt":1789648541174,"status":"failed","title":"approves reimbursements when the request body is omitted"},{"ancestorTitles":["reimbursement workflow"],"duration":1562,"failing":false,"failureDetails":[{"matcherResult":{"actual":400,"expected":200,"message":"\u001b[2mexpect(\u001b[22m\u001b[31mreceived\u001b[39m\u001b[2m).\u001b[22mtoBe\u001b[2m(\u001b[22m\u001b[32mexpected\u001b[39m\u001b[2m) // Object.is equality\u001b[22m\n\nExpected: \u001b[32m200\u001b[39m\nReceived: \u001b[31m400\u001b[39m","name":"toBe","pass":false}}],"failureMessages":["Error: \u001b[2mexpect(\u001b[22m\u001b[31mreceived\u001b[39m\u001b[2m).\u001b[22mtoBe\u001b[2m(\u001b[22m\u001b[32mexpected\u001b[39m\u001b[2m) // Object.is equality\u001b[22m\n\nExpected: \u001b[32m200\u001b[39m\nReceived: \u001b[31m400\u001b[39m\n    at Object.toBe (C:\\Users\\RobinSande\\OneDrive - CARE International\\Desktop\\Care Travel Request\\backend\\tests\\reimbursementWorkflow.test.js:622:35)\n    at processTicksAndRejections (node:internal/process/task_queues:104:5)"],"fullName":"reimbursement workflow stores history and resets status when a rejected reimbursement is resubmitted","invocations":1,"location":null,"numPassingAsserts":1,"retryReasons":[],"startAt":1789648542351,"status":"failed","title":"stores history and resets status when a rejected reimbursement is resubmitted"},{"ancestorTitles":["reimbursement workflow"],"duration":1562,"failing":false,"failureDetails":[],"failureMessages":[],"fullName":"reimbursement workflow blocks superadmins from mutating reimbursement status","invocations":1,"location":null,"numPassingAsserts":1,"retryReasons":[],"startAt":1789648543913,"status":"passed","title":"blocks superadmins from mutating reimbursement status"},{"ancestorTitles":["reimbursement workflow"],"duration":1127,"failing":false,"failureDetails":[{"matcherResult":{"actual":400,"expected":200,"message":"\u001b[2mexpect(\u001b[22m\u001b[31mreceived\u001b[39m\u001b[2m).\u001b[22mtoBe\u001b[2m(\u001b[22m\u001b[32mexpected\u001b[39m\u001b[2m) // Object.is equality\u001b[22m\n\nExpected: \u001b[32m200\u001b[39m\nReceived: \u001b[31m400\u001b[39m","name":"toBe","pass":false}}],"failureMessages":["Error: \u001b[2mexpect(\u001b[22m\u001b[31mreceived\u001b[39m\u001b[2m).\u001b[22mtoBe\u001b[2m(\u001b[22m\u001b[32mexpected\u001b[39m\u001b[2m) // Object.is equality\u001b[22m\n\nExpected: \u001b[32m200\u001b[39m\nReceived: \u001b[31m400\u001b[39m\n    at Object.toBe (C:\\Users\\RobinSande\\OneDrive - CARE International\\Desktop\\Care Travel Request\\backend\\tests\\reimbursementWorkflow.test.js:714:32)\n    at processTicksAndRejections (node:internal/process/task_queues:104:5)"],"fullName":"reimbursement workflow downloads a reimbursement PDF","invocations":1,"location":null,"numPassingAsserts":0,"retryReasons":[],"startAt":1789648545475,"status":"failed","title":"downloads a reimbursement PDF"}],"endTime":1789648546950,"message":"\u001b[1m\u001b[31m  \u001b[1m● \u001b[22m\u001b[1mreimbursement workflow › submits a reimbursement report with line items and calculated total\u001b[39m\u001b[22m\n\n    \u001b[2mexpect(\u001b[22m\u001b[31mreceived\u001b[39m\u001b[2m).\u001b[22mtoBe\u001b[2m(\u001b[22m\u001b[32mexpected\u001b[39m\u001b[2m) // Object.is equality\u001b[22m\n\n    Expected: \u001b[32m201\u001b[39m\n    Received: \u001b[31m400\u001b[39m\n\u001b[2m\u001b[22m\n\u001b[2m    \u001b[0m \u001b[90m 165 |\u001b[39m       \u001b[33m.\u001b[39msend(buildReimbursementPayload(travelRequestId\u001b[33m,\u001b[39m manager\u001b[33m.\u001b[39m_id))\u001b[33m;\u001b[39m\u001b[22m\n\u001b[2m     \u001b[90m 166 |\u001b[39m\u001b[22m\n\u001b[2m    \u001b[31m\u001b[1m>\u001b[22m\u001b[2m\u001b[39m\u001b[90m 167 |\u001b[39m     expect(response\u001b[33m.\u001b[39mstatus)\u001b[33m.\u001b[39mtoBe(\u001b[35m201\u001b[39m)\u001b[33m;\u001b[39m\u001b[22m\n\u001b[2m     \u001b[90m     |\u001b[39m                             \u001b[31m\u001b[1m^\u001b[22m\u001b[2m\u001b[39m\u001b[22m\n\u001b[2m     \u001b[90m 168 |\u001b[39m     expect(response\u001b[33m.\u001b[39mbody\u001b[33m.\u001b[39mstatus)\u001b[33m.\u001b[39mtoBe(\u001b[32m\"pending\"\u001b[39m)\u001b[33m;\u001b[39m\u001b[22m\n\u001b[2m     \u001b[90m 169 |\u001b[39m     expect(response\u001b[33m.\u001b[39mbody\u001b[33m.\u001b[39mtotalAmountKsh)\u001b[33m.\u001b[39mtoBe(\u001b[35m12000\u001b[39m)\u001b[33m;\u001b[39m\u001b[22m\n\u001b[2m     \u001b[90m 170 |\u001b[39m     expect(response\u001b[33m.\u001b[39mbody\u001b[33m.\u001b[39mlineItems)\u001b[33m.\u001b[39mtoHaveLength(\u001b[35m2\u001b[39m)\u001b[33m;\u001b[39m\u001b[0m\u001b[22m\n\u001b[2m\u001b[22m\n\u001b[2m      \u001b[2mat Object.toBe (\u001b[22m\u001b[2m\u001b[0m\u001b[36mtests/reimbursementWorkflow.test.js\u001b[39m\u001b[0m\u001b[2m:167:29)\u001b[22m\u001b[2m\u001b[22m\n\n\u001b[1m\u001b[31m  \u001b[1m● \u001b[22m\u001b[1mreimbursement workflow › accepts category without free-text description and rejects unknown categories\u001b[39m\u001b[22m\n\n    \u001b[2mexpect(\u001b[22m\u001b[31mreceived\u001b[39m\u001b[2m).\u001b[22mtoBe\u001b[2m(\u001b[22m\u001b[32mexpected\u001b[39m\u001b[2m) // Object.is equality\u001b[22m\n\n    Expected: \u001b[32m201\u001b[39m\n    Received: \u001b[31m400\u001b[39m\n\u001b[2m\u001b[22m\n\u001b[2m    \u001b[0m \u001b[90m 241 |\u001b[39m       )\u001b[33m;\u001b[39m\u001b[22m\n\u001b[2m     \u001b[90m 242 |\u001b[39m\u001b[22m\n\u001b[2m    \u001b[31m\u001b[1m>\u001b[22m\u001b[2m\u001b[39m\u001b[90m 243 |\u001b[39m     expect(valid\u001b[33m.\u001b[39mstatus)\u001b[33m.\u001b[39mtoBe(\u001b[35m201\u001b[39m)\u001b[33m;\u001b[39m\u001b[22m\n\u001b[2m     \u001b[90m     |\u001b[39m                          \u001b[31m\u001b[1m^\u001b[22m\u001b[2m\u001b[39m\u001b[22m\n\u001b[2m     \u001b[90m 244 |\u001b[39m     expect(valid\u001b[33m.\u001b[39mbody\u001b[33m.\u001b[39mlineItems[\u001b[35m0\u001b[39m]\u001b[33m.\u001b[39mcategory)\u001b[33m.\u001b[39mtoBe(\u001b[32m\"LUNCH\"\u001b[39m)\u001b[33m;\u001b[39m\u001b[22m\n\u001b[2m     \u001b[90m 245 |\u001b[39m     expect(valid\u001b[33m.\u001b[39mbody\u001b[33m.\u001b[39mlineItems[\u001b[35m0\u001b[39m]\u001b[33m.\u001b[39mdescription)\u001b[33m.\u001b[39mtoBe(\u001b[32m\"LUNCH\"\u001b[39m)\u001b[33m;\u001b[39m\u001b[22m\n\u001b[2m     \u001b[90m 246 |\u001b[39m     expect(valid\u001b[33m.\u001b[39mbody\u001b[33m.\u001b[39mtotalAmountKsh)\u001b[33m.\u001b[39mtoBe(\u001b[35m800\u001b[39m)\u001b[33m;\u001b[39m\u001b[0m\u001b[22m\n\u001b[2m\u001b[22m\n\u001b[2m      \u001b[2mat Object.toBe (\u001b[22m\u001b[2m\u001b[0m\u001b[36mtests/reimbursementWorkflow.test.js\u001b[39m\u001b[0m\u001b[2m:243:26)\u001b[22m\u001b[2m\u001b[22m\n\n\u001b[1m\u001b[31m  \u001b[1m● \u001b[22m\u001b[1mreimbursement workflow › rejects reimbursement when the submitter is not a passenger on the trip\u001b[39m\u001b[22m\n\n    \u001b[2mexpect(\u001b[22m\u001b[31mreceived\u001b[39m\u001b[2m).\u001b[22mtoBe\u001b[2m(\u001b[22m\u001b[32mexpected\u001b[39m\u001b[2m) // Object.is equality\u001b[22m\n\n    Expected: \u001b[32m403\u001b[39m\n    Received: \u001b[31m400\u001b[39m\n\u001b[2m\u001b[22m\n\u001b[2m    \u001b[0m \u001b[90m 299 |\u001b[39m       \u001b[33m.\u001b[39msend(buildReimbursementPayload(travelRequestId\u001b[33m,\u001b[39m manager\u001b[33m.\u001b[39m_id))\u001b[33m;\u001b[39m\u001b[22m\n\u001b[2m     \u001b[90m 300 |\u001b[39m\u001b[22m\n\u001b[2m    \u001b[31m\u001b[1m>\u001b[22m\u001b[2m\u001b[39m\u001b[90m 301 |\u001b[39m     expect(response\u001b[33m.\u001b[39mstatus)\u001b[33m.\u001b[39mtoBe(\u001b[35m403\u001b[39m)\u001b[33m;\u001b[39m\u001b[22m\n\u001b[2m     \u001b[90m     |\u001b[39m                             \u001b[31m\u001b[1m^\u001b[22m\u001b[2m\u001b[39m\u001b[22m\n\u001b[2m     \u001b[90m 302 |\u001b[39m     expect(response\u001b[33m.\u001b[39mbody\u001b[33m.\u001b[39mmessage)\u001b[33m.\u001b[39mtoMatch(\u001b[35m/listed on as a passenger/i\u001b[39m)\u001b[33m;\u001b[39m\u001b[22m\n\u001b[2m     \u001b[90m 303 |\u001b[39m   })\u001b[33m;\u001b[39m\u001b[22m\n\u001b[2m     \u001b[90m 304 |\u001b[39m\u001b[0m\u001b[22m\n\u001b[2m\u001b[22m\n\u001b[2m      \u001b[2mat Object.toBe (\u001b[22m\u001b[2m\u001b[0m\u001b[36mtests/reimbursementWorkflow.test.js\u001b[39m\u001b[0m\u001b[2m:301:29)\u001b[22m\u001b[2m\u001b[22m\n\n\u001b[1m\u001b[31m  \u001b[1m● \u001b[22m\u001b[1mreimbursement workflow › allows each passenger to submit their own reimbursement on a shared trip\u001b[39m\u001b[22m\n\n    \u001b[2mexpect(\u001b[22m\u001b[31mreceived\u001b[39m\u001b[2m).\u001b[22mtoBe\u001b[2m(\u001b[22m\u001b[32mexpected\u001b[39m\u001b[2m) // Object.is equality\u001b[22m\n\n    Expected: \u001b[32m201\u001b[39m\n    Received: \u001b[31m400\u001b[39m\n\u001b[2m\u001b[22m\n\u001b[2m    \u001b[0m \u001b[90m 341 |\u001b[39m       \u001b[33m.\u001b[39msend(buildReimbursementPayload(travelRequestId\u001b[33m,\u001b[39m manager\u001b[33m.\u001b[39m_id))\u001b[33m;\u001b[39m\u001b[22m\n\u001b[2m     \u001b[90m 342 |\u001b[39m\u001b[22m\n\u001b[2m    \u001b[31m\u001b[1m>\u001b[22m\u001b[2m\u001b[39m\u001b[90m 343 |\u001b[39m     expect(aliceReport\u001b[33m.\u001b[39mstatus)\u001b[33m.\u001b[39mtoBe(\u001b[35m201\u001b[39m)\u001b[33m;\u001b[39m\u001b[22m\n\u001b[2m     \u001b[90m     |\u001b[39m                                \u001b[31m\u001b[1m^\u001b[22m\u001b[2m\u001b[39m\u001b[22m\n\u001b[2m     \u001b[90m 344 |\u001b[39m     expect(bobReport\u001b[33m.\u001b[39mstatus)\u001b[33m.\u001b[39mtoBe(\u001b[35m201\u001b[39m)\u001b[33m;\u001b[39m\u001b[22m\n\u001b[2m     \u001b[90m 345 |\u001b[39m     expect(aliceReport\u001b[33m.\u001b[39mbody\u001b[33m.\u001b[39msubmittedBy\u001b[33m.\u001b[39m_id \u001b[33m||\u001b[39m aliceReport\u001b[33m.\u001b[39mbody\u001b[33m.\u001b[39msubmittedBy)\u001b[33m.\u001b[39mtoBeTruthy()\u001b[33m;\u001b[39m\u001b[22m\n\u001b[2m     \u001b[90m 346 |\u001b[39m   })\u001b[33m;\u001b[39m\u001b[0m\u001b[22m\n\u001b[2m\u001b[22m\n\u001b[2m      \u001b[2mat Object.toBe (\u001b[22m\u001b[2m\u001b[0m\u001b[36mtests/reimbursementWorkflow.test.js\u001b[39m\u001b[0m\u001b[2m:343:32)\u001b[22m\u001b[2m\u001b[22m\n\n\u001b[1m\u001b[31m  \u001b[1m● \u001b[22m\u001b[1mreimbursement workflow › prevents duplicate reimbursement reports for the same travel request\u001b[39m\u001b[22m\n\n    \u001b[2mexpect(\u001b[22m\u001b[31mreceived\u001b[39m\u001b[2m).\u001b[22mtoBe\u001b[2m(\u001b[22m\u001b[32mexpected\u001b[39m\u001b[2m) // Object.is equality\u001b[22m\n\n    Expected: \u001b[32m409\u001b[39m\n    Received: \u001b[31m400\u001b[39m\n\u001b[2m\u001b[22m\n\u001b[2m    \u001b[0m \u001b[90m 372 |\u001b[39m       \u001b[33m.\u001b[39msend(payload)\u001b[33m;\u001b[39m\u001b[22m\n\u001b[2m     \u001b[90m 373 |\u001b[39m\u001b[22m\n\u001b[2m    \u001b[31m\u001b[1m>\u001b[22m\u001b[2m\u001b[39m\u001b[90m 374 |\u001b[39m     expect(duplicateResponse\u001b[33m.\u001b[39mstatus)\u001b[33m.\u001b[39mtoBe(\u001b[35m409\u001b[39m)\u001b[33m;\u001b[39m\u001b[22m\n\u001b[2m     \u001b[90m     |\u001b[39m                                      \u001b[31m\u001b[1m^\u001b[22m\u001b[2m\u001b[39m\u001b[22m\n\u001b[2m     \u001b[90m 375 |\u001b[39m   })\u001b[33m;\u001b[39m\u001b[22m\n\u001b[2m     \u001b[90m 376 |\u001b[39m\u001b[22m\n\u001b[2m     \u001b[90m 377 |\u001b[39m   it(\u001b[32m\"lists a user's reimbursements and manager pending approvals\"\u001b[39m\u001b[33m,\u001b[39m \u001b[36masync\u001b[39m () \u001b[33m=>\u001b[39m {\u001b[0m\u001b[22m\n\u001b[2m\u001b[22m\n\u001b[2m      \u001b[2mat Object.toBe (\u001b[22m\u001b[2m\u001b[0m\u001b[36mtests/reimbursementWorkflow.test.js\u001b[39m\u001b[0m\u001b[2m:374:38)\u001b[22m\u001b[2m\u001b[22m\n\n\u001b[1m\u001b[31m  \u001b[1m● \u001b[22m\u001b[1mreimbursement workflow › lists a user's reimbursements and manager pending approvals\u001b[39m\u001b[22m\n\n    \u001b[2mexpect(\u001b[22m\u001b[31mreceived\u001b[39m\u001b[2m).\u001b[22mtoHaveLength\u001b[2m(\u001b[22m\u001b[32mexpected\u001b[39m\u001b[2m)\u001b[22m\n\n    Expected length: \u001b[32m1\u001b[39m\n    Received length: \u001b[31m0\u001b[39m\n    Received array:  \u001b[31m[]\u001b[39m\n\u001b[2m\u001b[22m\n\u001b[2m    \u001b[0m \u001b[90m 405 |\u001b[39m\u001b[22m\n\u001b[2m     \u001b[90m 406 |\u001b[39m     expect(myRequests\u001b[33m.\u001b[39mstatus)\u001b[33m.\u001b[39mtoBe(\u001b[35m200\u001b[39m)\u001b[33m;\u001b[39m\u001b[22m\n\u001b[2m    \u001b[31m\u001b[1m>\u001b[22m\u001b[2m\u001b[39m\u001b[90m 407 |\u001b[39m     expect(myRequests\u001b[33m.\u001b[39mbody)\u001b[33m.\u001b[39mtoHaveLength(\u001b[35m1\u001b[39m)\u001b[33m;\u001b[39m\u001b[22m\n\u001b[2m     \u001b[90m     |\u001b[39m                             \u001b[31m\u001b[1m^\u001b[22m\u001b[2m\u001b[39m\u001b[22m\n\u001b[2m     \u001b[90m 408 |\u001b[39m     expect(pendingApprovals\u001b[33m.\u001b[39mstatus)\u001b[33m.\u001b[39mtoBe(\u001b[35m200\u001b[39m)\u001b[33m;\u001b[39m\u001b[22m\n\u001b[2m     \u001b[90m 409 |\u001b[39m     expect(pendingApprovals\u001b[33m.\u001b[39mbody)\u001b[33m.\u001b[39mtoHaveLength(\u001b[35m1\u001b[39m)\u001b[33m;\u001b[39m\u001b[22m\n\u001b[2m     \u001b[90m 410 |\u001b[39m     expect(pendingApprovals\u001b[33m.\u001b[39mbody[\u001b[35m0\u001b[39m]\u001b[33m.\u001b[39msubmittedBy\u001b[33m.\u001b[39memail)\u001b[33m.\u001b[39mtoBe(requester\u001b[33m.\u001b[39memail)\u001b[33m;\u001b[39m\u001b[0m\u001b[22m\n\u001b[2m\u001b[22m\n\u001b[2m      \u001b[2mat Object.toHaveLength (\u001b[22m\u001b[2m\u001b[0m\u001b[36mtests/reimbursementWorkflow.test.js\u001b[39m\u001b[0m\u001b[2m:407:29)\u001b[22m\u001b[2m\u001b[22m\n\n\u001b[1m\u001b[31m  \u001b[1m● \u001b[22m\u001b[1mreimbursement workflow › allows superadmins to view all reimbursements in read-only mode\u001b[39m\u001b[22m\n\n    \u001b[2mexpect(\u001b[22m\u001b[31mreceived\u001b[39m\u001b[2m).\u001b[22mtoHaveLength\u001b[2m(\u001b[22m\u001b[32mexpected\u001b[39m\u001b[2m)\u001b[22m\n\n    Expected length: \u001b[32m2\u001b[39m\n    Received length: \u001b[31m0\u001b[39m\n    Received array:  \u001b[31m[]\u001b[39m\n\u001b[2m\u001b[22m\n\u001b[2m    \u001b[0m \u001b[90m 454 |\u001b[39m\u001b[22m\n\u001b[2m     \u001b[90m 455 |\u001b[39m     expect(response\u001b[33m.\u001b[39mstatus)\u001b[33m.\u001b[39mtoBe(\u001b[35m200\u001b[39m)\u001b[33m;\u001b[39m\u001b[22m\n\u001b[2m    \u001b[31m\u001b[1m>\u001b[22m\u001b[2m\u001b[39m\u001b[90m 456 |\u001b[39m     expect(response\u001b[33m.\u001b[39mbody)\u001b[33m.\u001b[39mtoHaveLength(\u001b[35m2\u001b[39m)\u001b[33m;\u001b[39m\u001b[22m\n\u001b[2m     \u001b[90m     |\u001b[39m                           \u001b[31m\u001b[1m^\u001b[22m\u001b[2m\u001b[39m\u001b[22m\n\u001b[2m     \u001b[90m 457 |\u001b[39m   })\u001b[33m;\u001b[39m\u001b[22m\n\u001b[2m     \u001b[90m 458 |\u001b[39m\u001b[22m\n\u001b[2m     \u001b[90m 459 |\u001b[39m   it(\u001b[32m\"allows a manager to approve or reject a pending reimbursement\"\u001b[39m\u001b[33m,\u001b[39m \u001b[36masync\u001b[39m () \u001b[33m=>\u001b[39m {\u001b[0m\u001b[22m\n\u001b[2m\u001b[22m\n\u001b[2m      \u001b[2mat Object.toHaveLength (\u001b[22m\u001b[2m\u001b[0m\u001b[36mtests/reimbursementWorkflow.test.js\u001b[39m\u001b[0m\u001b[2m:456:27)\u001b[22m\u001b[2m\u001b[22m\n\n\u001b[1m\u001b[31m  \u001b[1m● \u001b[22m\u001b[1mreimbursement workflow › allows a manager to approve or reject a pending reimbursement\u001b[39m\u001b[22m\n\n    \u001b[2mexpect(\u001b[22m\u001b[31mreceived\u001b[39m\u001b[2m).\u001b[22mtoBe\u001b[2m(\u001b[22m\u001b[32mexpected\u001b[39m\u001b[2m) // Object.is equality\u001b[22m\n\n    Expected: \u001b[32m200\u001b[39m\n    Received: \u001b[31m400\u001b[39m\n\u001b[2m\u001b[22m\n\u001b[2m    \u001b[0m \u001b[90m 483 |\u001b[39m       \u001b[33m.\u001b[39msend({ status\u001b[33m:\u001b[39m \u001b[32m\"approved\"\u001b[39m })\u001b[33m;\u001b[39m\u001b[22m\n\u001b[2m     \u001b[90m 484 |\u001b[39m\u001b[22m\n\u001b[2m    \u001b[31m\u001b[1m>\u001b[22m\u001b[2m\u001b[39m\u001b[90m 485 |\u001b[39m     expect(approveResponse\u001b[33m.\u001b[39mstatus)\u001b[33m.\u001b[39mtoBe(\u001b[35m200\u001b[39m)\u001b[33m;\u001b[39m\u001b[22m\n\u001b[2m     \u001b[90m     |\u001b[39m                                    \u001b[31m\u001b[1m^\u001b[22m\u001b[2m\u001b[39m\u001b[22m\n\u001b[2m     \u001b[90m 486 |\u001b[39m     expect(approveResponse\u001b[33m.\u001b[39mbody\u001b[33m.\u001b[39mstatus)\u001b[33m.\u001b[39mtoBe(\u001b[32m\"approved\"\u001b[39m)\u001b[33m;\u001b[39m\u001b[22m\n\u001b[2m     \u001b[90m 487 |\u001b[39m     expect(approveResponse\u001b[33m.\u001b[39mbody\u001b[33m.\u001b[39mapprovedAt)\u001b[33m.\u001b[39mtoBeTruthy()\u001b[33m;\u001b[39m\u001b[22m\n\u001b[2m     \u001b[90m 488 |\u001b[39m\u001b[0m\u001b[22m\n\u001b[2m\u001b[22m\n\u001b[2m      \u001b[2mat Object.toBe (\u001b[22m\u001b[2m\u001b[0m\u001b[36mtests/reimbursementWorkflow.test.js\u001b[39m\u001b[0m\u001b[2m:485:36)\u001b[22m\u001b[2m\u001b[22m\n\n\u001b[1m\u001b[31m  \u001b[1m● \u001b[22m\u001b[1mreimbursement workflow › approves reimbursements when the request body is omitted\u001b[39m\u001b[22m\n\n    \u001b[2mexpect(\u001b[22m\u001b[31mreceived\u001b[39m\u001b[2m).\u001b[22mtoBe\u001b[2m(\u001b[22m\u001b[32mexpected\u001b[39m\u001b[2m) // Object.is equality\u001b[22m\n\n    Expected: \u001b[32m200\u001b[39m\n    Received: \u001b[31m400\u001b[39m\n\u001b[2m\u001b[22m\n\u001b[2m    \u001b[0m \u001b[90m 575 |\u001b[39m       \u001b[33m.\u001b[39msend({ status\u001b[33m:\u001b[39m \u001b[32m\"approved\"\u001b[39m })\u001b[33m;\u001b[39m\u001b[22m\n\u001b[2m     \u001b[90m 576 |\u001b[39m\u001b[22m\n\u001b[2m    \u001b[31m\u001b[1m>\u001b[22m\u001b[2m\u001b[39m\u001b[90m 577 |\u001b[39m     expect(approveResponse\u001b[33m.\u001b[39mstatus)\u001b[33m.\u001b[39mtoBe(\u001b[35m200\u001b[39m)\u001b[33m;\u001b[39m\u001b[22m\n\u001b[2m     \u001b[90m     |\u001b[39m                                    \u001b[31m\u001b[1m^\u001b[22m\u001b[2m\u001b[39m\u001b[22m\n\u001b[2m     \u001b[90m 578 |\u001b[39m   })\u001b[33m;\u001b[39m\u001b[22m\n\u001b[2m     \u001b[90m 579 |\u001b[39m\u001b[22m\n\u001b[2m     \u001b[90m 580 |\u001b[39m   it(\u001b[32m\"stores history and resets status when a rejected reimbursement is resubmitted\"\u001b[39m\u001b[33m,\u001b[39m \u001b[36masync\u001b[39m () \u001b[33m=>\u001b[39m {\u001b[0m\u001b[22m\n\u001b[2m\u001b[22m\n\u001b[2m      \u001b[2mat Object.toBe (\u001b[22m\u001b[2m\u001b[0m\u001b[36mtests/reimbursementWorkflow.test.js\u001b[39m\u001b[0m\u001b[2m:577:36)\u001b[22m\u001b[2m\u001b[22m\n\n\u001b[1m\u001b[31m  \u001b[1m● \u001b[22m\u001b[1mreimbursement workflow › stores history and resets status when a rejected reimbursement is resubmitted\u001b[39m\u001b[22m\n\n    \u001b[2mexpect(\u001b[22m\u001b[31mreceived\u001b[39m\u001b[2m).\u001b[22mtoBe\u001b[2m(\u001b[22m\u001b[32mexpected\u001b[39m\u001b[2m) // Object.is equality\u001b[22m\n\n    Expected: \u001b[32m200\u001b[39m\n    Received: \u001b[31m400\u001b[39m\n\u001b[2m\u001b[22m\n\u001b[2m    \u001b[0m \u001b[90m 620 |\u001b[39m       \u001b[33m.\u001b[39msend({ status\u001b[33m:\u001b[39m \u001b[32m\"rejected\"\u001b[39m\u001b[33m,\u001b[39m comment\u001b[33m:\u001b[39m \u001b[32m\"Missing taxi receipt.\"\u001b[39m })\u001b[33m;\u001b[39m\u001b[22m\n\u001b[2m     \u001b[90m 621 |\u001b[39m\u001b[22m\n\u001b[2m    \u001b[31m\u001b[1m>\u001b[22m\u001b[2m\u001b[39m\u001b[90m 622 |\u001b[39m     expect(rejectResponse\u001b[33m.\u001b[39mstatus)\u001b[33m.\u001b[39mtoBe(\u001b[35m200\u001b[39m)\u001b[33m;\u001b[39m\u001b[22m\n\u001b[2m     \u001b[90m     |\u001b[39m                                   \u001b[31m\u001b[1m^\u001b[22m\u001b[2m\u001b[39m\u001b[22m\n\u001b[2m     \u001b[90m 623 |\u001b[39m\u001b[22m\n\u001b[2m     \u001b[90m 624 |\u001b[39m     \u001b[36mconst\u001b[39m updateResponse \u001b[33m=\u001b[39m \u001b[36mawait\u001b[39m request(app)\u001b[22m\n\u001b[2m     \u001b[90m 625 |\u001b[39m       \u001b[33m.\u001b[39mpatch(\u001b[32m`/api/reimbursements/${created.body._id}`\u001b[39m)\u001b[0m\u001b[22m\n\u001b[2m\u001b[22m\n\u001b[2m      \u001b[2mat Object.toBe (\u001b[22m\u001b[2m\u001b[0m\u001b[36mtests/reimbursementWorkflow.test.js\u001b[39m\u001b[0m\u001b[2m:622:35)\u001b[22m\u001b[2m\u001b[22m\n\n\u001b[1m\u001b[31m  \u001b[1m● \u001b[22m\u001b[1mreimbursement workflow › downloads a reimbursement PDF\u001b[39m\u001b[22m\n\n    \u001b[2mexpect(\u001b[22m\u001b[31mreceived\u001b[39m\u001b[2m).\u001b[22mtoBe\u001b[2m(\u001b[22m\u001b[32mexpected\u001b[39m\u001b[2m) // Object.is equality\u001b[22m\n\n    Expected: \u001b[32m200\u001b[39m\n    Received: \u001b[31m400\u001b[39m\n\u001b[2m\u001b[22m\n\u001b[2m    \u001b[0m \u001b[90m 712 |\u001b[39m       \u001b[33m.\u001b[39m\u001b[36mset\u001b[39m(\u001b[32m\"Authorization\"\u001b[39m\u001b[33m,\u001b[39m \u001b[32m`Bearer ${requesterToken}`\u001b[39m)\u001b[33m;\u001b[39m\u001b[22m\n\u001b[2m     \u001b[90m 713 |\u001b[39m\u001b[22m\n\u001b[2m    \u001b[31m\u001b[1m>\u001b[22m\u001b[2m\u001b[39m\u001b[90m 714 |\u001b[39m     expect(pdfResponse\u001b[33m.\u001b[39mstatus)\u001b[33m.\u001b[39mtoBe(\u001b[35m200\u001b[39m)\u001b[33m;\u001b[39m\u001b[22m\n\u001b[2m     \u001b[90m     |\u001b[39m                                \u001b[31m\u001b[1m^\u001b[22m\u001b[2m\u001b[39m\u001b[22m\n\u001b[2m     \u001b[90m 715 |\u001b[39m     expect(pdfResponse\u001b[33m.\u001b[39mheaders[\u001b[32m\"content-type\"\u001b[39m])\u001b[33m.\u001b[39mtoMatch(\u001b[35m/application\\/pdf/\u001b[39m)\u001b[33m;\u001b[39m\u001b[22m\n\u001b[2m     \u001b[90m 716 |\u001b[39m   })\u001b[33m;\u001b[39m\u001b[22m\n\u001b[2m     \u001b[90m 717 |\u001b[39m })\u001b[33m;\u001b[39m\u001b[0m\u001b[22m\n\u001b[2m\u001b[22m\n\u001b[2m      \u001b[2mat Object.toBe (\u001b[22m\u001b[2m\u001b[0m\u001b[36mtests/reimbursementWorkflow.test.js\u001b[39m\u001b[0m\u001b[2m:714:32)\u001b[22m\u001b[2m\u001b[22m\n","name":"C:\\Users\\RobinSande\\OneDrive - CARE International\\Desktop\\Care Travel Request\\backend\\tests\\reimbursementWorkflow.test.js","startTime":1789648524664,"status":"failed","summary":""},{"assertionResults":[{"ancestorTitles":["authentication and authorization"],"duration":402,"failing":false,"failureDetails":[],"failureMessages":[],"fullName":"authentication and authorization logs a user in and returns a JWT token","invocations":1,"location":null,"numPassingAsserts":3,"retryReasons":[],"startAt":1789648550052,"status":"passed","title":"logs a user in and returns a JWT token"},{"ancestorTitles":["authentication and authorization"],"duration":318,"failing":false,"failureDetails":[],"failureMessages":[],"fullName":"authentication and authorization blocks a user from the superadmin user listing route","invocations":1,"location":null,"numPassingAsserts":1,"retryReasons":[],"startAt":1789648550455,"status":"passed","title":"blocks a user from the superadmin user listing route"},{"ancestorTitles":["request scoping and workflow"],"duration":841,"failing":false,"failureDetails":[{"matcherResult":{"message":"\u001b[2mexpect(\u001b[22m\u001b[31mreceived\u001b[39m\u001b[2m).\u001b[22mtoHaveLength\u001b[2m(\u001b[22m\u001b[32mexpected\u001b[39m\u001b[2m)\u001b[22m\n\nExpected length: \u001b[32m1\u001b[39m\nReceived length: \u001b[31m0\u001b[39m\nReceived array:  \u001b[31m[]\u001b[39m","pass":false}}],"failureMessages":["Error: \u001b[2mexpect(\u001b[22m\u001b[31mreceived\u001b[39m\u001b[2m).\u001b[22mtoHaveLength\u001b[2m(\u001b[22m\u001b[32mexpected\u001b[39m\u001b[2m)\u001b[22m\n\nExpected length: \u001b[32m1\u001b[39m\nReceived length: \u001b[31m0\u001b[39m\nReceived array:  \u001b[31m[]\u001b[39m\n    at Object.toHaveLength (C:\\Users\\RobinSande\\OneDrive - CARE International\\Desktop\\Care Travel Request\\backend\\tests\\requestWorkflow.test.js:160:36)\n    at processTicksAndRejections (node:internal/process/task_queues:104:5)"],"fullName":"request scoping and workflow lets passengers see travel requests raised for them","invocations":1,"location":null,"numPassingAsserts":2,"retryReasons":[],"startAt":1789648550773,"status":"failed","title":"lets passengers see travel requests raised for them"},{"ancestorTitles":["request scoping and workflow"],"duration":749,"failing":false,"failureDetails":[{"matcherResult":{"actual":"6aabdea7f8df2087499b7eab","expected":"6aabdea7f8df2087499b7eac","message":"\u001b[2mexpect(\u001b[22m\u001b[31mreceived\u001b[39m\u001b[2m).\u001b[22mtoBe\u001b[2m(\u001b[22m\u001b[32mexpected\u001b[39m\u001b[2m) // Object.is equality\u001b[22m\n\nExpected: \u001b[32m\"6aabdea7f8df2087499b7ea\u001b[7mc\u001b[27m\"\u001b[39m\nReceived: \u001b[31m\"6aabdea7f8df2087499b7ea\u001b[7mb\u001b[27m\"\u001b[39m","name":"toBe","pass":false}}],"failureMessages":["Error: \u001b[2mexpect(\u001b[22m\u001b[31mreceived\u001b[39m\u001b[2m).\u001b[22mtoBe\u001b[2m(\u001b[22m\u001b[32mexpected\u001b[39m\u001b[2m) // Object.is equality\u001b[22m\n\nExpected: \u001b[32m\"6aabdea7f8df2087499b7ea\u001b[7mc\u001b[27m\"\u001b[39m\nReceived: \u001b[31m\"6aabdea7f8df2087499b7ea\u001b[7mb\u001b[27m\"\u001b[39m\n    at Object.toBe (C:\\Users\\RobinSande\\OneDrive - CARE International\\Desktop\\Care Travel Request\\backend\\tests\\requestWorkflow.test.js:196:98)\n    at processTicksAndRejections (node:internal/process/task_queues:104:5)"],"fullName":"request scoping and workflow routes requests through the manager hierarchy instead of allowing any approver selection","invocations":1,"location":null,"numPassingAsserts":1,"retryReasons":[],"startAt":1789648551615,"status":"failed","title":"routes requests through the manager hierarchy instead of allowing any approver selection"},{"ancestorTitles":["request scoping and workflow"],"duration":330,"failing":false,"failureDetails":[],"failureMessages":[],"fullName":"request scoping and workflow prevents managers from selecting themselves as approver","invocations":1,"location":null,"numPassingAsserts":2,"retryReasons":[],"startAt":1789648552365,"status":"passed","title":"prevents managers from selecting themselves as approver"},{"ancestorTitles":["request scoping and workflow"],"duration":615,"failing":false,"failureDetails":[],"failureMessages":[],"fullName":"request scoping and workflow limits normal users to their own requests","invocations":1,"location":null,"numPassingAsserts":4,"retryReasons":[],"startAt":1789648552695,"status":"passed","title":"limits normal users to their own requests"},{"ancestorTitles":["request scoping and workflow"],"duration":708,"failing":false,"failureDetails":[],"failureMessages":[],"fullName":"request scoping and workflow allows an assigned admin approver to approve a pending request","invocations":1,"location":null,"numPassingAsserts":5,"retryReasons":[],"startAt":1789648553310,"status":"passed","title":"allows an assigned admin approver to approve a pending request"},{"ancestorTitles":["request scoping and workflow"],"duration":480,"failing":false,"failureDetails":[],"failureMessages":[],"fullName":"request scoping and workflow stores history and resets status when a rejected request is resubmitted","invocations":1,"location":null,"numPassingAsserts":9,"retryReasons":[],"startAt":1789648554018,"status":"passed","title":"stores history and resets status when a rejected request is resubmitted"},{"ancestorTitles":["request scoping and workflow"],"duration":450,"failing":false,"failureDetails":[],"failureMessages":[],"fullName":"request scoping and workflow prevents a non-approver admin from approving someone else's request","invocations":1,"location":null,"numPassingAsserts":1,"retryReasons":[],"startAt":1789648554498,"status":"passed","title":"prevents a non-approver admin from approving someone else's request"},{"ancestorTitles":["request scoping and workflow"],"duration":252,"failing":false,"failureDetails":[],"failureMessages":[],"fullName":"request scoping and workflow lets admins filter requests by status and search term","invocations":1,"location":null,"numPassingAsserts":4,"retryReasons":[],"startAt":1789648554948,"status":"passed","title":"lets admins filter requests by status and search term"},{"ancestorTitles":["request scoping and workflow"],"duration":325,"failing":false,"failureDetails":[],"failureMessages":[],"fullName":"request scoping and workflow lists eligible approvers for authenticated users","invocations":1,"location":null,"numPassingAsserts":3,"retryReasons":[],"startAt":1789648555200,"status":"passed","title":"lists eligible approvers for authenticated users"},{"ancestorTitles":["request scoping and workflow"],"duration":387,"failing":false,"failureDetails":[{"matcherResult":{"message":"\u001b[2mexpect(\u001b[22m\u001b[31mreceived\u001b[39m\u001b[2m).\u001b[22mtoHaveLength\u001b[2m(\u001b[22m\u001b[32mexpected\u001b[39m\u001b[2m)\u001b[22m\n\nExpected length: \u001b[32m3\u001b[39m\nReceived length: \u001b[31m4\u001b[39m\nReceived array:  \u001b[31m[{\"_id\": \"6aabdeabf8df2087499b7edb\", \"department\": null, \"email\": \"approver@example.com\", \"employeeNumber\": \"1700\", \"isActive\": true, \"name\": \"Approver Admin\", \"office\": null, \"position\": null, \"role\": \"admin\"}, {\"_id\": \"6aabdeabf8df2087499b7edd\", \"department\": null, \"email\": \"colleague@example.com\", \"employeeNumber\": \"1701\", \"isActive\": true, \"name\": \"Colleague One\", \"office\": null, \"position\": null, \"role\": \"user\"}, {\"_id\": \"6aabdeabf8df2087499b7edc\", \"department\": null, \"email\": \"superadmin@example.com\", \"employeeNumber\": null, \"isActive\": true, \"name\": \"Read Only Superadmin\", \"office\": null, \"position\": null, \"role\": \"superadmin\"}, {\"_id\": \"6aabdeabf8df2087499b7ede\", \"department\": null, \"email\": \"requester@example.com\", \"employeeNumber\": \"1702\", \"isActive\": true, \"name\": \"Requester One\", \"office\": null, \"position\": null, \"role\": \"user\"}]\u001b[39m","pass":false}}],"failureMessages":["Error: \u001b[2mexpect(\u001b[22m\u001b[31mreceived\u001b[39m\u001b[2m).\u001b[22mtoHaveLength\u001b[2m(\u001b[22m\u001b[32mexpected\u001b[39m\u001b[2m)\u001b[22m\n\nExpected length: \u001b[32m3\u001b[39m\nReceived length: \u001b[31m4\u001b[39m\nReceived array:  \u001b[31m[{\"_id\": \"6aabdeabf8df2087499b7edb\", \"department\": null, \"email\": \"approver@example.com\", \"employeeNumber\": \"1700\", \"isActive\": true, \"name\": \"Approver Admin\", \"office\": null, \"position\": null, \"role\": \"admin\"}, {\"_id\": \"6aabdeabf8df2087499b7edd\", \"department\": null, \"email\": \"colleague@example.com\", \"employeeNumber\": \"1701\", \"isActive\": true, \"name\": \"Colleague One\", \"office\": null, \"position\": null, \"role\": \"user\"}, {\"_id\": \"6aabdeabf8df2087499b7edc\", \"department\": null, \"email\": \"superadmin@example.com\", \"employeeNumber\": null, \"isActive\": true, \"name\": \"Read Only Superadmin\", \"office\": null, \"position\": null, \"role\": \"superadmin\"}, {\"_id\": \"6aabdeabf8df2087499b7ede\", \"department\": null, \"email\": \"requester@example.com\", \"employeeNumber\": \"1702\", \"isActive\": true, \"name\": \"Requester One\", \"office\": null, \"position\": null, \"role\": \"user\"}]\u001b[39m\n    at Object.toHaveLength (C:\\Users\\RobinSande\\OneDrive - CARE International\\Desktop\\Care Travel Request\\backend\\tests\\requestWorkflow.test.js:474:27)\n    at processTicksAndRejections (node:internal/process/task_queues:104:5)"],"fullName":"request scoping and workflow lists eligible passengers for authenticated users","invocations":1,"location":null,"numPassingAsserts":1,"retryReasons":[],"startAt":1789648555525,"status":"failed","title":"lists eligible passengers for authenticated users"},{"ancestorTitles":["request scoping and workflow"],"duration":243,"failing":false,"failureDetails":[],"failureMessages":[],"fullName":"request scoping and workflow marks all notifications as read for the authenticated user","invocations":1,"location":null,"numPassingAsserts":3,"retryReasons":[],"startAt":1789648555913,"status":"passed","title":"marks all notifications as read for the authenticated user"},{"ancestorTitles":["request scoping and workflow"],"duration":284,"failing":false,"failureDetails":[{"matcherResult":{"actual":403,"expected":200,"message":"\u001b[2mexpect(\u001b[22m\u001b[31mreceived\u001b[39m\u001b[2m).\u001b[22mtoBe\u001b[2m(\u001b[22m\u001b[32mexpected\u001b[39m\u001b[2m) // Object.is equality\u001b[22m\n\nExpected: \u001b[32m200\u001b[39m\nReceived: \u001b[31m403\u001b[39m","name":"toBe","pass":false}}],"failureMessages":["Error: \u001b[2mexpect(\u001b[22m\u001b[31mreceived\u001b[39m\u001b[2m).\u001b[22mtoBe\u001b[2m(\u001b[22m\u001b[32mexpected\u001b[39m\u001b[2m) // Object.is equality\u001b[22m\n\nExpected: \u001b[32m200\u001b[39m\nReceived: \u001b[31m403\u001b[39m\n    at Object.toBe (C:\\Users\\RobinSande\\OneDrive - CARE International\\Desktop\\Care Travel Request\\backend\\tests\\requestWorkflow.test.js:555:32)\n    at processTicksAndRejections (node:internal/process/task_queues:104:5)"],"fullName":"request scoping and workflow downloads a travel request PDF","invocations":1,"location":null,"numPassingAsserts":0,"retryReasons":[],"startAt":1789648556156,"status":"failed","title":"downloads a travel request PDF"}],"endTime":1789648556611,"message":"\u001b[1m\u001b[31m  \u001b[1m● \u001b[22m\u001b[1mrequest scoping and workflow › lets passengers see travel requests raised for them\u001b[39m\u001b[22m\n\n    \u001b[2mexpect(\u001b[22m\u001b[31mreceived\u001b[39m\u001b[2m).\u001b[22mtoHaveLength\u001b[2m(\u001b[22m\u001b[32mexpected\u001b[39m\u001b[2m)\u001b[22m\n\n    Expected length: \u001b[32m1\u001b[39m\n    Received length: \u001b[31m0\u001b[39m\n    Received array:  \u001b[31m[]\u001b[39m\n\u001b[2m\u001b[22m\n\u001b[2m    \u001b[0m \u001b[90m 158 |\u001b[39m\u001b[22m\n\u001b[2m     \u001b[90m 159 |\u001b[39m     expect(listResponse\u001b[33m.\u001b[39mstatus)\u001b[33m.\u001b[39mtoBe(\u001b[35m200\u001b[39m)\u001b[33m;\u001b[39m\u001b[22m\n\u001b[2m    \u001b[31m\u001b[1m>\u001b[22m\u001b[2m\u001b[39m\u001b[90m 160 |\u001b[39m     expect(listResponse\u001b[33m.\u001b[39mbody\u001b[33m.\u001b[39mdata)\u001b[33m.\u001b[39mtoHaveLength(\u001b[35m1\u001b[39m)\u001b[33m;\u001b[39m\u001b[22m\n\u001b[2m     \u001b[90m     |\u001b[39m                                    \u001b[31m\u001b[1m^\u001b[22m\u001b[2m\u001b[39m\u001b[22m\n\u001b[2m     \u001b[90m 161 |\u001b[39m     expect(listResponse\u001b[33m.\u001b[39mbody\u001b[33m.\u001b[39mdata[\u001b[35m0\u001b[39m]\u001b[33m.\u001b[39m_id)\u001b[33m.\u001b[39mtoBe(createResponse\u001b[33m.\u001b[39mbody\u001b[33m.\u001b[39m_id)\u001b[33m;\u001b[39m\u001b[22m\n\u001b[2m     \u001b[90m 162 |\u001b[39m\u001b[22m\n\u001b[2m     \u001b[90m 163 |\u001b[39m     \u001b[36mconst\u001b[39m passengerNotifications \u001b[33m=\u001b[39m \u001b[36mawait\u001b[39m \u001b[33mNotification\u001b[39m\u001b[33m.\u001b[39mfind({\u001b[0m\u001b[22m\n\u001b[2m\u001b[22m\n\u001b[2m      \u001b[2mat Object.toHaveLength (\u001b[22m\u001b[2m\u001b[0m\u001b[36mtests/requestWorkflow.test.js\u001b[39m\u001b[0m\u001b[2m:160:36)\u001b[22m\u001b[2m\u001b[22m\n\n\u001b[1m\u001b[31m  \u001b[1m● \u001b[22m\u001b[1mrequest scoping and workflow › routes requests through the manager hierarchy instead of allowing any approver selection\u001b[39m\u001b[22m\n\n    \u001b[2mexpect(\u001b[22m\u001b[31mreceived\u001b[39m\u001b[2m).\u001b[22mtoBe\u001b[2m(\u001b[22m\u001b[32mexpected\u001b[39m\u001b[2m) // Object.is equality\u001b[22m\n\n    Expected: \u001b[32m\"6aabdea7f8df2087499b7ea\u001b[7mc\u001b[27m\"\u001b[39m\n    Received: \u001b[31m\"6aabdea7f8df2087499b7ea\u001b[7mb\u001b[27m\"\u001b[39m\n\u001b[2m\u001b[22m\n\u001b[2m    \u001b[0m \u001b[90m 194 |\u001b[39m\u001b[22m\n\u001b[2m     \u001b[90m 195 |\u001b[39m     expect(response\u001b[33m.\u001b[39mstatus)\u001b[33m.\u001b[39mtoBe(\u001b[35m201\u001b[39m)\u001b[33m;\u001b[39m\u001b[22m\n\u001b[2m    \u001b[31m\u001b[1m>\u001b[22m\u001b[2m\u001b[39m\u001b[90m 196 |\u001b[39m     expect(\u001b[33mString\u001b[39m(response\u001b[33m.\u001b[39mbody\u001b[33m.\u001b[39mselected_approver_id\u001b[33m.\u001b[39m_id \u001b[33m||\u001b[39m response\u001b[33m.\u001b[39mbody\u001b[33m.\u001b[39mselected_approver_id))\u001b[33m.\u001b[39mtoBe(\u001b[33mString\u001b[39m(manager\u001b[33m.\u001b[39m_id))\u001b[33m;\u001b[39m\u001b[22m\n\u001b[2m     \u001b[90m     |\u001b[39m                                                                                                  \u001b[31m\u001b[1m^\u001b[22m\u001b[2m\u001b[39m\u001b[22m\n\u001b[2m     \u001b[90m 197 |\u001b[39m   })\u001b[33m;\u001b[39m\u001b[22m\n\u001b[2m     \u001b[90m 198 |\u001b[39m\u001b[22m\n\u001b[2m     \u001b[90m 199 |\u001b[39m   it(\u001b[32m\"prevents managers from selecting themselves as approver\"\u001b[39m\u001b[33m,\u001b[39m \u001b[36masync\u001b[39m () \u001b[33m=>\u001b[39m {\u001b[0m\u001b[22m\n\u001b[2m\u001b[22m\n\u001b[2m      \u001b[2mat Object.toBe (\u001b[22m\u001b[2m\u001b[0m\u001b[36mtests/requestWorkflow.test.js\u001b[39m\u001b[0m\u001b[2m:196:98)\u001b[22m\u001b[2m\u001b[22m\n\n\u001b[1m\u001b[31m  \u001b[1m● \u001b[22m\u001b[1mrequest scoping and workflow › lists eligible passengers for authenticated users\u001b[39m\u001b[22m\n\n    \u001b[2mexpect(\u001b[22m\u001b[31mreceived\u001b[39m\u001b[2m).\u001b[22mtoHaveLength\u001b[2m(\u001b[22m\u001b[32mexpected\u001b[39m\u001b[2m)\u001b[22m\n\n    Expected length: \u001b[32m3\u001b[39m\n    Received length: \u001b[31m4\u001b[39m\n    Received array:  \u001b[31m[{\"_id\": \"6aabdeabf8df2087499b7edb\", \"department\": null, \"email\": \"approver@example.com\", \"employeeNumber\": \"1700\", \"isActive\": true, \"name\": \"Approver Admin\", \"office\": null, \"position\": null, \"role\": \"admin\"}, {\"_id\": \"6aabdeabf8df2087499b7edd\", \"department\": null, \"email\": \"colleague@example.com\", \"employeeNumber\": \"1701\", \"isActive\": true, \"name\": \"Colleague One\", \"office\": null, \"position\": null, \"role\": \"user\"}, {\"_id\": \"6aabdeabf8df2087499b7edc\", \"department\": null, \"email\": \"superadmin@example.com\", \"employeeNumber\": null, \"isActive\": true, \"name\": \"Read Only Superadmin\", \"office\": null, \"position\": null, \"role\": \"superadmin\"}, {\"_id\": \"6aabdeabf8df2087499b7ede\", \"department\": null, \"email\": \"requester@example.com\", \"employeeNumber\": \"1702\", \"isActive\": true, \"name\": \"Requester One\", \"office\": null, \"position\": null, \"role\": \"user\"}]\u001b[39m\n\u001b[2m\u001b[22m\n\u001b[2m    \u001b[0m \u001b[90m 472 |\u001b[39m\u001b[22m\n\u001b[2m     \u001b[90m 473 |\u001b[39m     expect(response\u001b[33m.\u001b[39mstatus)\u001b[33m.\u001b[39mtoBe(\u001b[35m200\u001b[39m)\u001b[33m;\u001b[39m\u001b[22m\n\u001b[2m    \u001b[31m\u001b[1m>\u001b[22m\u001b[2m\u001b[39m\u001b[90m 474 |\u001b[39m     expect(response\u001b[33m.\u001b[39mbody)\u001b[33m.\u001b[39mtoHaveLength(\u001b[35m3\u001b[39m)\u001b[33m;\u001b[39m\u001b[22m\n\u001b[2m     \u001b[90m     |\u001b[39m                           \u001b[31m\u001b[1m^\u001b[22m\u001b[2m\u001b[39m\u001b[22m\n\u001b[2m     \u001b[90m 475 |\u001b[39m\u001b[22m\n\u001b[2m     \u001b[90m 476 |\u001b[39m     \u001b[36mconst\u001b[39m ids \u001b[33m=\u001b[39m response\u001b[33m.\u001b[39mbody\u001b[33m.\u001b[39mmap((user) \u001b[33m=>\u001b[39m user\u001b[33m.\u001b[39m_id)\u001b[33m;\u001b[39m\u001b[22m\n\u001b[2m     \u001b[90m 477 |\u001b[39m     expect(ids)\u001b[33m.\u001b[39mtoEqual(\u001b[0m\u001b[22m\n\u001b[2m\u001b[22m\n\u001b[2m      \u001b[2mat Object.toHaveLength (\u001b[22m\u001b[2m\u001b[0m\u001b[36mtests/requestWorkflow.test.js\u001b[39m\u001b[0m\u001b[2m:474:27)\u001b[22m\u001b[2m\u001b[22m\n\n\u001b[1m\u001b[31m  \u001b[1m● \u001b[22m\u001b[1mrequest scoping and workflow › downloads a travel request PDF\u001b[39m\u001b[22m\n\n    \u001b[2mexpect(\u001b[22m\u001b[31mreceived\u001b[39m\u001b[2m).\u001b[22mtoBe\u001b[2m(\u001b[22m\u001b[32mexpected\u001b[39m\u001b[2m) // Object.is equality\u001b[22m\n\n    Expected: \u001b[32m200\u001b[39m\n    Received: \u001b[31m403\u001b[39m\n\u001b[2m\u001b[22m\n\u001b[2m    \u001b[0m \u001b[90m 553 |\u001b[39m       \u001b[33m.\u001b[39m\u001b[36mset\u001b[39m(\u001b[32m\"Authorization\"\u001b[39m\u001b[33m,\u001b[39m \u001b[32m`Bearer ${requesterToken}`\u001b[39m)\u001b[33m;\u001b[39m\u001b[22m\n\u001b[2m     \u001b[90m 554 |\u001b[39m\u001b[22m\n\u001b[2m    \u001b[31m\u001b[1m>\u001b[22m\u001b[2m\u001b[39m\u001b[90m 555 |\u001b[39m     expect(pdfResponse\u001b[33m.\u001b[39mstatus)\u001b[33m.\u001b[39mtoBe(\u001b[35m200\u001b[39m)\u001b[33m;\u001b[39m\u001b[22m\n\u001b[2m     \u001b[90m     |\u001b[39m                                \u001b[31m\u001b[1m^\u001b[22m\u001b[2m\u001b[39m\u001b[22m\n\u001b[2m     \u001b[90m 556 |\u001b[39m     expect(pdfResponse\u001b[33m.\u001b[39mheaders[\u001b[32m\"content-type\"\u001b[39m])\u001b[33m.\u001b[39mtoMatch(\u001b[35m/application\\/pdf/\u001b[39m)\u001b[33m;\u001b[39m\u001b[22m\n\u001b[2m     \u001b[90m 557 |\u001b[39m   })\u001b[33m;\u001b[39m\u001b[22m\n\u001b[2m     \u001b[90m 558 |\u001b[39m })\u001b[33m;\u001b[39m\u001b[0m\u001b[22m\n\u001b[2m\u001b[22m\n\u001b[2m      \u001b[2mat Object.toBe (\u001b[22m\u001b[2m\u001b[0m\u001b[36mtests/requestWorkflow.test.js\u001b[39m\u001b[0m\u001b[2m:555:32)\u001b[22m\u001b[2m\u001b[22m\n","name":"C:\\Users\\RobinSande\\OneDrive - CARE International\\Desktop\\Care Travel Request\\backend\\tests\\requestWorkflow.test.js","startTime":1789648546977,"status":"failed","summary":""},{"assertionResults":[{"ancestorTitles":["account activation"],"duration":464,"failing":false,"failureDetails":[],"failureMessages":[],"fullName":"account activation activates a new account with a valid invite token","invocations":1,"location":null,"numPassingAsserts":4,"retryReasons":[],"startAt":1789648558539,"status":"passed","title":"activates a new account with a valid invite token"},{"ancestorTitles":["account activation"],"duration":399,"failing":false,"failureDetails":[{"matcherResult":{"actual":200,"expected":403,"message":"\u001b[2mexpect(\u001b[22m\u001b[31mreceived\u001b[39m\u001b[2m).\u001b[22mtoBe\u001b[2m(\u001b[22m\u001b[32mexpected\u001b[39m\u001b[2m) // Object.is equality\u001b[22m\n\nExpected: \u001b[32m403\u001b[39m\nReceived: \u001b[31m200\u001b[39m","name":"toBe","pass":false}}],"failureMessages":["Error: \u001b[2mexpect(\u001b[22m\u001b[31mreceived\u001b[39m\u001b[2m).\u001b[22mtoBe\u001b[2m(\u001b[22m\u001b[32mexpected\u001b[39m\u001b[2m) // Object.is equality\u001b[22m\n\nExpected: \u001b[32m403\u001b[39m\nReceived: \u001b[31m200\u001b[39m\n    at Object.toBe (C:\\Users\\RobinSande\\OneDrive - CARE International\\Desktop\\Care Travel Request\\backend\\tests\\auth.test.js:81:29)\n    at processTicksAndRejections (node:internal/process/task_queues:104:5)"],"fullName":"account activation blocks login until the account is activated","invocations":1,"location":null,"numPassingAsserts":0,"retryReasons":[],"startAt":1789648559004,"status":"failed","title":"blocks login until the account is activated"},{"ancestorTitles":["set password"],"duration":749,"failing":false,"failureDetails":[],"failureMessages":[],"fullName":"set password updates a password when the current password is correct","invocations":1,"location":null,"numPassingAsserts":3,"retryReasons":[],"startAt":1789648559404,"status":"passed","title":"updates a password when the current password is correct"},{"ancestorTitles":["set password"],"duration":385,"failing":false,"failureDetails":[],"failureMessages":[],"fullName":"set password rejects password updates when the current password is wrong","invocations":1,"location":null,"numPassingAsserts":1,"retryReasons":[],"startAt":1789648560154,"status":"passed","title":"rejects password updates when the current password is wrong"}],"endTime":1789648560801,"message":"\u001b[1m\u001b[31m  \u001b[1m● \u001b[22m\u001b[1maccount activation › blocks login until the account is activated\u001b[39m\u001b[22m\n\n    \u001b[2mexpect(\u001b[22m\u001b[31mreceived\u001b[39m\u001b[2m).\u001b[22mtoBe\u001b[2m(\u001b[22m\u001b[32mexpected\u001b[39m\u001b[2m) // Object.is equality\u001b[22m\n\n    Expected: \u001b[32m403\u001b[39m\n    Received: \u001b[31m200\u001b[39m\n\u001b[2m\u001b[22m\n\u001b[2m    \u001b[0m \u001b[90m 79 |\u001b[39m     })\u001b[33m;\u001b[39m\u001b[22m\n\u001b[2m     \u001b[90m 80 |\u001b[39m\u001b[22m\n\u001b[2m    \u001b[31m\u001b[1m>\u001b[22m\u001b[2m\u001b[39m\u001b[90m 81 |\u001b[39m     expect(response\u001b[33m.\u001b[39mstatus)\u001b[33m.\u001b[39mtoBe(\u001b[35m403\u001b[39m)\u001b[33m;\u001b[39m\u001b[22m\n\u001b[2m     \u001b[90m    |\u001b[39m                             \u001b[31m\u001b[1m^\u001b[22m\u001b[2m\u001b[39m\u001b[22m\n\u001b[2m     \u001b[90m 82 |\u001b[39m     expect(response\u001b[33m.\u001b[39mbody\u001b[33m.\u001b[39mdetails\u001b[33m.\u001b[39mcode)\u001b[33m.\u001b[39mtoBe(\u001b[32m\"ACCOUNT_NOT_ACTIVATED\"\u001b[39m)\u001b[33m;\u001b[39m\u001b[22m\n\u001b[2m     \u001b[90m 83 |\u001b[39m   })\u001b[33m;\u001b[39m\u001b[22m\n\u001b[2m     \u001b[90m 84 |\u001b[39m })\u001b[33m;\u001b[39m\u001b[0m\u001b[22m\n\u001b[2m\u001b[22m\n\u001b[2m      \u001b[2mat Object.toBe (\u001b[22m\u001b[2m\u001b[0m\u001b[36mtests/auth.test.js\u001b[39m\u001b[0m\u001b[2m:81:29)\u001b[22m\u001b[2m\u001b[22m\n","name":"C:\\Users\\RobinSande\\OneDrive - CARE International\\Desktop\\Care Travel Request\\backend\\tests\\auth.test.js","startTime":1789648556619,"status":"failed","summary":""},{"assertionResults":[{"ancestorTitles":["employee import helpers"],"duration":17,"failing":false,"failureDetails":[],"failureMessages":[],"fullName":"employee import helpers maps spreadsheet rows into the user payload shape","invocations":1,"location":null,"numPassingAsserts":1,"retryReasons":[],"startAt":1789648563269,"status":"passed","title":"maps spreadsheet rows into the user payload shape"},{"ancestorTitles":["employee import helpers"],"duration":6,"failing":false,"failureDetails":[],"failureMessages":[],"fullName":"employee import helpers maps the accurate staff roster format without changing the workbook name","invocations":1,"location":null,"numPassingAsserts":1,"retryReasons":[],"startAt":1789648563286,"status":"passed","title":"maps the accurate staff roster format without changing the workbook name"},{"ancestorTitles":["employee import helpers"],"duration":16,"failing":false,"failureDetails":[],"failureMessages":[],"fullName":"employee import helpers derives admin candidates from manager email references","invocations":1,"location":null,"numPassingAsserts":1,"retryReasons":[],"startAt":1789648563292,"status":"passed","title":"derives admin candidates from manager email references"},{"ancestorTitles":["employee import integration"],"duration":145,"failing":false,"failureDetails":[],"failureMessages":[],"fullName":"employee import integration imports employees, sets manager links, and derives admin roles","invocations":1,"location":null,"numPassingAsserts":6,"retryReasons":[],"startAt":1789648563308,"status":"passed","title":"imports employees, sets manager links, and derives admin roles"},{"ancestorTitles":["employee import integration"],"duration":369,"failing":false,"failureDetails":[],"failureMessages":[],"fullName":"employee import integration preserves activated accounts and superadmin role on re-import","invocations":1,"location":null,"numPassingAsserts":3,"retryReasons":[],"startAt":1789648563453,"status":"passed","title":"preserves activated accounts and superadmin role on re-import"},{"ancestorTitles":["employee import integration"],"duration":56,"failing":false,"failureDetails":[],"failureMessages":[],"fullName":"employee import integration sets the designated manager's manager as an alternate approver","invocations":1,"location":null,"numPassingAsserts":3,"retryReasons":[],"startAt":1789648563823,"status":"passed","title":"sets the designated manager's manager as an alternate approver"}],"endTime":1789648564025,"message":"","name":"C:\\Users\\RobinSande\\OneDrive - CARE International\\Desktop\\Care Travel Request\\backend\\tests\\importEmployees.test.js","startTime":1789648560825,"status":"passed","summary":""}],"wasInterrupted":false}
